<?xml version="1.0" encoding="UTF-8"?>
<!-- Generated by org.testng.reporters.JUnitReportReporter -->
<testsuite hostname="XIAOWENYAO" name="com.tts.homepage.Homepage3" tests="1" failures="0" timestamp="25 Jan 2016 03:28:34 GMT" time="28.088" errors="0">
  <testcase name="homepage3" time="28.088" classname="com.tts.homepage.Homepage3"/>
</testsuite> <!-- com.tts.homepage.Homepage3 -->
