<?xml version="1.0" encoding="UTF-8"?>
<!-- Generated by org.testng.reporters.JUnitReportReporter -->
<testsuite hostname="XIAOWENYAO" name="com.tts.login.Loginpage" tests="1" failures="0" timestamp="22 Jan 2016 08:19:58 GMT" time="9.729" errors="0">
  <testcase name="loginpage" time="9.729" classname="com.tts.login.Loginpage"/>
</testsuite> <!-- com.tts.login.Loginpage -->
