<?xml version="1.0" encoding="UTF-8"?>
<!-- Generated by org.testng.reporters.JUnitReportReporter -->
<testsuite hostname="XIAOWENYAO" name="com.tts.homepage.Homepage7" tests="1" failures="0" timestamp="22 Jan 2016 05:47:26 GMT" time="27.454" errors="0">
  <testcase name="homepage4" time="27.454" classname="com.tts.homepage.Homepage7"/>
</testsuite> <!-- com.tts.homepage.Homepage7 -->
