<?xml version="1.0" encoding="UTF-8"?>
<!-- Generated by org.testng.reporters.JUnitReportReporter -->
<testsuite hostname="XIAOWENYAO" name="com.tts.homepage.Homepage2" tests="1" failures="0" timestamp="25 Jan 2016 03:28:34 GMT" time="9.562" errors="0">
  <testcase name="homepage2" time="9.562" classname="com.tts.homepage.Homepage2"/>
</testsuite> <!-- com.tts.homepage.Homepage2 -->
