<?xml version="1.0" encoding="UTF-8"?>
<!-- Generated by org.testng.reporters.JUnitReportReporter -->
<testsuite hostname="XIAOWENYAO" name="com.tts.homepage.Homepage8" tests="1" failures="0" timestamp="22 Jan 2016 06:11:18 GMT" time="12.796" errors="0">
  <testcase name="homepage7" time="12.796" classname="com.tts.homepage.Homepage8"/>
</testsuite> <!-- com.tts.homepage.Homepage8 -->
