<?xml version="1.0" encoding="UTF-8"?>
<!-- Generated by org.testng.reporters.JUnitReportReporter -->
<testsuite hostname="XIAOWENYAO" name="com.tts.homepage.Homepage1" tests="1" failures="0" timestamp="25 Jan 2016 03:28:34 GMT" time="8.082" errors="0">
  <testcase name="homepage1" time="8.082" classname="com.tts.homepage.Homepage1"/>
</testsuite> <!-- com.tts.homepage.Homepage1 -->
